2021-12-09 10:22:02,548 [ml-log] INFO: None
2021-12-09 10:22:02,549 [ml-log] INFO:    blueWardsPlaced  blueWardsDestroyed  ...  redCSPerMin  redGoldPerMin
0               28                   2  ...         19.7         1656.7
1               12                   1  ...         24.0         1762.0
2               15                   0  ...         20.3         1728.5
3               43                   1  ...         23.5         1647.8
4               75                   4  ...         22.5         1740.4

[5 rows x 38 columns]
2021-12-09 10:22:02,664 [ml-log] INFO:        blueWardsPlaced  blueWardsDestroyed  ...  redCSPerMin  redGoldPerMin
count      9879.000000         9879.000000  ...  9879.000000    9879.000000
mean         22.288288            2.824881  ...    21.734923    1648.904140
std          18.019177            2.174998  ...     2.191167     149.088841
min           5.000000            0.000000  ...    10.700000    1121.200000
25%          14.000000            1.000000  ...    20.300000    1542.750000
50%          16.000000            3.000000  ...    21.800000    1637.800000
75%          20.000000            4.000000  ...    23.300000    1741.850000
max         250.000000           27.000000  ...    28.900000    2273.200000

[8 rows x 38 columns]
2021-12-09 10:22:02,737 [ml-log] INFO: 0    4949
1    4930
Name: blueWins, dtype: int64
2021-12-09 10:23:50,980 [ml-log] INFO: None
2021-12-09 10:23:50,980 [ml-log] INFO:    blueWardsPlaced  blueWardsDestroyed  ...  redCSPerMin  redGoldPerMin
0               28                   2  ...         19.7         1656.7
1               12                   1  ...         24.0         1762.0
2               15                   0  ...         20.3         1728.5
3               43                   1  ...         23.5         1647.8
4               75                   4  ...         22.5         1740.4

[5 rows x 38 columns]
2021-12-09 10:23:51,091 [ml-log] INFO:        blueWardsPlaced  blueWardsDestroyed  ...  redCSPerMin  redGoldPerMin
count      9879.000000         9879.000000  ...  9879.000000    9879.000000
mean         22.288288            2.824881  ...    21.734923    1648.904140
std          18.019177            2.174998  ...     2.191167     149.088841
min           5.000000            0.000000  ...    10.700000    1121.200000
25%          14.000000            1.000000  ...    20.300000    1542.750000
50%          16.000000            3.000000  ...    21.800000    1637.800000
75%          20.000000            4.000000  ...    23.300000    1741.850000
max         250.000000           27.000000  ...    28.900000    2273.200000

[8 rows x 38 columns]
2021-12-09 10:23:51,161 [ml-log] INFO: 0    4949
1    4930
Name: blueWins, dtype: int64
2021-12-09 10:25:48,195 [ml-log] INFO: None
2021-12-09 10:25:48,195 [ml-log] INFO:    blueWardsPlaced  blueWardsDestroyed  ...  redCSPerMin  redGoldPerMin
0               28                   2  ...         19.7         1656.7
1               12                   1  ...         24.0         1762.0
2               15                   0  ...         20.3         1728.5
3               43                   1  ...         23.5         1647.8
4               75                   4  ...         22.5         1740.4

[5 rows x 38 columns]
2021-12-09 10:25:48,315 [ml-log] INFO:        blueWardsPlaced  blueWardsDestroyed  ...  redCSPerMin  redGoldPerMin
count      9879.000000         9879.000000  ...  9879.000000    9879.000000
mean         22.288288            2.824881  ...    21.734923    1648.904140
std          18.019177            2.174998  ...     2.191167     149.088841
min           5.000000            0.000000  ...    10.700000    1121.200000
25%          14.000000            1.000000  ...    20.300000    1542.750000
50%          16.000000            3.000000  ...    21.800000    1637.800000
75%          20.000000            4.000000  ...    23.300000    1741.850000
max         250.000000           27.000000  ...    28.900000    2273.200000

[8 rows x 38 columns]
2021-12-09 10:25:48,385 [ml-log] INFO: 0    4949
1    4930
Name: blueWins, dtype: int64
2021-12-09 10:27:15,286 [ml-log] INFO: None
2021-12-09 10:27:29,656 [ml-log] INFO:    blueWardsPlaced  blueWardsDestroyed  ...  redCSPerMin  redGoldPerMin
0               28                   2  ...         19.7         1656.7
1               12                   1  ...         24.0         1762.0
2               15                   0  ...         20.3         1728.5
3               43                   1  ...         23.5         1647.8
4               75                   4  ...         22.5         1740.4

[5 rows x 38 columns]
2021-12-09 10:27:38,251 [ml-log] INFO:        blueWardsPlaced  blueWardsDestroyed  ...  redCSPerMin  redGoldPerMin
count      9879.000000         9879.000000  ...  9879.000000    9879.000000
mean         22.288288            2.824881  ...    21.734923    1648.904140
std          18.019177            2.174998  ...     2.191167     149.088841
min           5.000000            0.000000  ...    10.700000    1121.200000
25%          14.000000            1.000000  ...    20.300000    1542.750000
50%          16.000000            3.000000  ...    21.800000    1637.800000
75%          20.000000            4.000000  ...    23.300000    1741.850000
max         250.000000           27.000000  ...    28.900000    2273.200000

[8 rows x 38 columns]
2021-12-09 10:27:51,231 [ml-log] INFO: 0    4949
1    4930
Name: blueWins, dtype: int64
2021-12-09 10:28:45,439 [ml-log] INFO: None
2021-12-09 10:29:19,099 [ml-log] INFO: <bound method DataFrame.info of       blueWardsPlaced  blueWardsDestroyed  ...  redCSPerMin  redGoldPerMin
0                  28                   2  ...         19.7         1656.7
1                  12                   1  ...         24.0         1762.0
2                  15                   0  ...         20.3         1728.5
3                  43                   1  ...         23.5         1647.8
4                  75                   4  ...         22.5         1740.4
...               ...                 ...  ...          ...            ...
9874               17                   2  ...         22.9         1524.6
9875               54                   0  ...         20.6         1545.6
9876               23                   1  ...         26.1         1831.9
9877               14                   4  ...         24.7         1529.8
9878               18                   0  ...         20.1         1533.9

[9879 rows x 38 columns]>
2021-12-09 10:30:10,360 [ml-log] INFO:    blueWardsPlaced  blueWardsDestroyed  ...  redCSPerMin  redGoldPerMin
0               28                   2  ...         19.7         1656.7
1               12                   1  ...         24.0         1762.0
2               15                   0  ...         20.3         1728.5
3               43                   1  ...         23.5         1647.8
4               75                   4  ...         22.5         1740.4

[5 rows x 38 columns]
2021-12-09 10:30:10,473 [ml-log] INFO:        blueWardsPlaced  blueWardsDestroyed  ...  redCSPerMin  redGoldPerMin
count      9879.000000         9879.000000  ...  9879.000000    9879.000000
mean         22.288288            2.824881  ...    21.734923    1648.904140
std          18.019177            2.174998  ...     2.191167     149.088841
min           5.000000            0.000000  ...    10.700000    1121.200000
25%          14.000000            1.000000  ...    20.300000    1542.750000
50%          16.000000            3.000000  ...    21.800000    1637.800000
75%          20.000000            4.000000  ...    23.300000    1741.850000
max         250.000000           27.000000  ...    28.900000    2273.200000

[8 rows x 38 columns]
2021-12-09 10:30:10,542 [ml-log] INFO: 0    4949
1    4930
Name: blueWins, dtype: int64
2021-12-09 10:31:30,244 [ml-log] INFO: (9879, 38)
2021-12-09 10:31:30,245 [ml-log] INFO: <bound method DataFrame.info of       blueWardsPlaced  blueWardsDestroyed  ...  redCSPerMin  redGoldPerMin
0                  28                   2  ...         19.7         1656.7
1                  12                   1  ...         24.0         1762.0
2                  15                   0  ...         20.3         1728.5
3                  43                   1  ...         23.5         1647.8
4                  75                   4  ...         22.5         1740.4
...               ...                 ...  ...          ...            ...
9874               17                   2  ...         22.9         1524.6
9875               54                   0  ...         20.6         1545.6
9876               23                   1  ...         26.1         1831.9
9877               14                   4  ...         24.7         1529.8
9878               18                   0  ...         20.1         1533.9

[9879 rows x 38 columns]>
2021-12-09 10:31:30,319 [ml-log] INFO:    blueWardsPlaced  blueWardsDestroyed  ...  redCSPerMin  redGoldPerMin
0               28                   2  ...         19.7         1656.7
1               12                   1  ...         24.0         1762.0
2               15                   0  ...         20.3         1728.5
3               43                   1  ...         23.5         1647.8
4               75                   4  ...         22.5         1740.4

[5 rows x 38 columns]
2021-12-09 10:31:30,431 [ml-log] INFO:        blueWardsPlaced  blueWardsDestroyed  ...  redCSPerMin  redGoldPerMin
count      9879.000000         9879.000000  ...  9879.000000    9879.000000
mean         22.288288            2.824881  ...    21.734923    1648.904140
std          18.019177            2.174998  ...     2.191167     149.088841
min           5.000000            0.000000  ...    10.700000    1121.200000
25%          14.000000            1.000000  ...    20.300000    1542.750000
50%          16.000000            3.000000  ...    21.800000    1637.800000
75%          20.000000            4.000000  ...    23.300000    1741.850000
max         250.000000           27.000000  ...    28.900000    2273.200000

[8 rows x 38 columns]
2021-12-09 10:31:30,503 [ml-log] INFO: 0    4949
1    4930
Name: blueWins, dtype: int64
2021-12-09 10:32:53,130 [ml-log] INFO: feature形状：
2021-12-09 10:32:53,130 [ml-log] INFO: target形状：
2021-12-09 10:32:53,130 [ml-log] INFO: <bound method DataFrame.info of       blueWardsPlaced  blueWardsDestroyed  ...  redCSPerMin  redGoldPerMin
0                  28                   2  ...         19.7         1656.7
1                  12                   1  ...         24.0         1762.0
2                  15                   0  ...         20.3         1728.5
3                  43                   1  ...         23.5         1647.8
4                  75                   4  ...         22.5         1740.4
...               ...                 ...  ...          ...            ...
9874               17                   2  ...         22.9         1524.6
9875               54                   0  ...         20.6         1545.6
9876               23                   1  ...         26.1         1831.9
9877               14                   4  ...         24.7         1529.8
9878               18                   0  ...         20.1         1533.9

[9879 rows x 38 columns]>
2021-12-09 10:32:53,203 [ml-log] INFO:    blueWardsPlaced  blueWardsDestroyed  ...  redCSPerMin  redGoldPerMin
0               28                   2  ...         19.7         1656.7
1               12                   1  ...         24.0         1762.0
2               15                   0  ...         20.3         1728.5
3               43                   1  ...         23.5         1647.8
4               75                   4  ...         22.5         1740.4

[5 rows x 38 columns]
2021-12-09 10:32:53,315 [ml-log] INFO:        blueWardsPlaced  blueWardsDestroyed  ...  redCSPerMin  redGoldPerMin
count      9879.000000         9879.000000  ...  9879.000000    9879.000000
mean         22.288288            2.824881  ...    21.734923    1648.904140
std          18.019177            2.174998  ...     2.191167     149.088841
min           5.000000            0.000000  ...    10.700000    1121.200000
25%          14.000000            1.000000  ...    20.300000    1542.750000
50%          16.000000            3.000000  ...    21.800000    1637.800000
75%          20.000000            4.000000  ...    23.300000    1741.850000
max         250.000000           27.000000  ...    28.900000    2273.200000

[8 rows x 38 columns]
2021-12-09 10:32:53,386 [ml-log] INFO: 0    4949
1    4930
Name: blueWins, dtype: int64
2021-12-09 10:33:39,806 [ml-log] INFO: feature形状：
2021-12-09 10:33:39,807 [ml-log] INFO: target形状：
2021-12-09 10:33:39,807 [ml-log] INFO: <bound method DataFrame.info of       blueWardsPlaced  blueWardsDestroyed  ...  redCSPerMin  redGoldPerMin
0                  28                   2  ...         19.7         1656.7
1                  12                   1  ...         24.0         1762.0
2                  15                   0  ...         20.3         1728.5
3                  43                   1  ...         23.5         1647.8
4                  75                   4  ...         22.5         1740.4
...               ...                 ...  ...          ...            ...
9874               17                   2  ...         22.9         1524.6
9875               54                   0  ...         20.6         1545.6
9876               23                   1  ...         26.1         1831.9
9877               14                   4  ...         24.7         1529.8
9878               18                   0  ...         20.1         1533.9

[9879 rows x 38 columns]>
2021-12-09 10:33:39,881 [ml-log] INFO:    blueWardsPlaced  blueWardsDestroyed  ...  redCSPerMin  redGoldPerMin
0               28                   2  ...         19.7         1656.7
1               12                   1  ...         24.0         1762.0
2               15                   0  ...         20.3         1728.5
3               43                   1  ...         23.5         1647.8
4               75                   4  ...         22.5         1740.4

[5 rows x 38 columns]
2021-12-09 10:33:39,987 [ml-log] INFO:        blueWardsPlaced  blueWardsDestroyed  ...  redCSPerMin  redGoldPerMin
count      9879.000000         9879.000000  ...  9879.000000    9879.000000
mean         22.288288            2.824881  ...    21.734923    1648.904140
std          18.019177            2.174998  ...     2.191167     149.088841
min           5.000000            0.000000  ...    10.700000    1121.200000
25%          14.000000            1.000000  ...    20.300000    1542.750000
50%          16.000000            3.000000  ...    21.800000    1637.800000
75%          20.000000            4.000000  ...    23.300000    1741.850000
max         250.000000           27.000000  ...    28.900000    2273.200000

[8 rows x 38 columns]
2021-12-09 10:33:40,059 [ml-log] INFO: 0    4949
1    4930
Name: blueWins, dtype: int64
2021-12-09 10:34:54,258 [ml-log] INFO: feature形状：
2021-12-09 10:34:54,258 [ml-log] INFO: (9879, 38)
2021-12-09 10:34:54,258 [ml-log] INFO: target形状：
2021-12-09 10:34:54,258 [ml-log] INFO: (9879,)
2021-12-09 10:34:54,258 [ml-log] INFO: <bound method DataFrame.info of       blueWardsPlaced  blueWardsDestroyed  ...  redCSPerMin  redGoldPerMin
0                  28                   2  ...         19.7         1656.7
1                  12                   1  ...         24.0         1762.0
2                  15                   0  ...         20.3         1728.5
3                  43                   1  ...         23.5         1647.8
4                  75                   4  ...         22.5         1740.4
...               ...                 ...  ...          ...            ...
9874               17                   2  ...         22.9         1524.6
9875               54                   0  ...         20.6         1545.6
9876               23                   1  ...         26.1         1831.9
9877               14                   4  ...         24.7         1529.8
9878               18                   0  ...         20.1         1533.9

[9879 rows x 38 columns]>
2021-12-09 10:34:54,329 [ml-log] INFO:    blueWardsPlaced  blueWardsDestroyed  ...  redCSPerMin  redGoldPerMin
0               28                   2  ...         19.7         1656.7
1               12                   1  ...         24.0         1762.0
2               15                   0  ...         20.3         1728.5
3               43                   1  ...         23.5         1647.8
4               75                   4  ...         22.5         1740.4

[5 rows x 38 columns]
2021-12-09 10:34:54,442 [ml-log] INFO:        blueWardsPlaced  blueWardsDestroyed  ...  redCSPerMin  redGoldPerMin
count      9879.000000         9879.000000  ...  9879.000000    9879.000000
mean         22.288288            2.824881  ...    21.734923    1648.904140
std          18.019177            2.174998  ...     2.191167     149.088841
min           5.000000            0.000000  ...    10.700000    1121.200000
25%          14.000000            1.000000  ...    20.300000    1542.750000
50%          16.000000            3.000000  ...    21.800000    1637.800000
75%          20.000000            4.000000  ...    23.300000    1741.850000
max         250.000000           27.000000  ...    28.900000    2273.200000

[8 rows x 38 columns]
2021-12-09 10:34:54,518 [ml-log] INFO: 0    4949
1    4930
Name: blueWins, dtype: int64
2021-12-09 10:35:18,559 [ml-log] INFO: (9879, 38)
2021-12-09 10:35:18,559 [ml-log] INFO: target形状：
2021-12-09 10:35:18,559 [ml-log] INFO: (9879,)
2021-12-09 10:35:18,559 [ml-log] INFO: <bound method DataFrame.info of       blueWardsPlaced  blueWardsDestroyed  ...  redCSPerMin  redGoldPerMin
0                  28                   2  ...         19.7         1656.7
1                  12                   1  ...         24.0         1762.0
2                  15                   0  ...         20.3         1728.5
3                  43                   1  ...         23.5         1647.8
4                  75                   4  ...         22.5         1740.4
...               ...                 ...  ...          ...            ...
9874               17                   2  ...         22.9         1524.6
9875               54                   0  ...         20.6         1545.6
9876               23                   1  ...         26.1         1831.9
9877               14                   4  ...         24.7         1529.8
9878               18                   0  ...         20.1         1533.9

[9879 rows x 38 columns]>
2021-12-09 10:35:18,629 [ml-log] INFO:    blueWardsPlaced  blueWardsDestroyed  ...  redCSPerMin  redGoldPerMin
0               28                   2  ...         19.7         1656.7
1               12                   1  ...         24.0         1762.0
2               15                   0  ...         20.3         1728.5
3               43                   1  ...         23.5         1647.8
4               75                   4  ...         22.5         1740.4

[5 rows x 38 columns]
2021-12-09 10:35:18,741 [ml-log] INFO:        blueWardsPlaced  blueWardsDestroyed  ...  redCSPerMin  redGoldPerMin
count      9879.000000         9879.000000  ...  9879.000000    9879.000000
mean         22.288288            2.824881  ...    21.734923    1648.904140
std          18.019177            2.174998  ...     2.191167     149.088841
min           5.000000            0.000000  ...    10.700000    1121.200000
25%          14.000000            1.000000  ...    20.300000    1542.750000
50%          16.000000            3.000000  ...    21.800000    1637.800000
75%          20.000000            4.000000  ...    23.300000    1741.850000
max         250.000000           27.000000  ...    28.900000    2273.200000

[8 rows x 38 columns]
2021-12-09 10:35:18,815 [ml-log] INFO: 0    4949
1    4930
Name: blueWins, dtype: int64
2021-12-09 10:36:08,855 [ml-log] INFO: feature形状：
2021-12-09 10:36:08,855 [ml-log] INFO: (9879, 38)
2021-12-09 10:36:08,855 [ml-log] INFO: target形状：
2021-12-09 10:36:08,855 [ml-log] INFO: (9879,)
2021-12-09 10:36:08,855 [ml-log] INFO: <bound method DataFrame.info of       blueWardsPlaced  blueWardsDestroyed  ...  redCSPerMin  redGoldPerMin
0                  28                   2  ...         19.7         1656.7
1                  12                   1  ...         24.0         1762.0
2                  15                   0  ...         20.3         1728.5
3                  43                   1  ...         23.5         1647.8
4                  75                   4  ...         22.5         1740.4
...               ...                 ...  ...          ...            ...
9874               17                   2  ...         22.9         1524.6
9875               54                   0  ...         20.6         1545.6
9876               23                   1  ...         26.1         1831.9
9877               14                   4  ...         24.7         1529.8
9878               18                   0  ...         20.1         1533.9

[9879 rows x 38 columns]>
2021-12-09 10:36:08,931 [ml-log] INFO:    blueWardsPlaced  blueWardsDestroyed  ...  redCSPerMin  redGoldPerMin
0               28                   2  ...         19.7         1656.7
1               12                   1  ...         24.0         1762.0
2               15                   0  ...         20.3         1728.5
3               43                   1  ...         23.5         1647.8
4               75                   4  ...         22.5         1740.4

[5 rows x 38 columns]
2021-12-09 10:36:09,040 [ml-log] INFO:        blueWardsPlaced  blueWardsDestroyed  ...  redCSPerMin  redGoldPerMin
count      9879.000000         9879.000000  ...  9879.000000    9879.000000
mean         22.288288            2.824881  ...    21.734923    1648.904140
std          18.019177            2.174998  ...     2.191167     149.088841
min           5.000000            0.000000  ...    10.700000    1121.200000
25%          14.000000            1.000000  ...    20.300000    1542.750000
50%          16.000000            3.000000  ...    21.800000    1637.800000
75%          20.000000            4.000000  ...    23.300000    1741.850000
max         250.000000           27.000000  ...    28.900000    2273.200000

[8 rows x 38 columns]
2021-12-09 10:36:09,115 [ml-log] INFO: 0    4949
1    4930
Name: blueWins, dtype: int64
2021-12-09 10:39:05,977 [ml-log] INFO: 查看feature形状：
2021-12-09 10:39:05,977 [ml-log] INFO: (9879, 38)
2021-12-09 10:39:05,977 [ml-log] INFO: 查看target形状：
2021-12-09 10:39:05,977 [ml-log] INFO: (9879,)
2021-12-09 10:39:05,977 [ml-log] INFO: 查看feature基本信息：
2021-12-09 10:39:05,977 [ml-log] INFO: <bound method DataFrame.info of       blueWardsPlaced  blueWardsDestroyed  ...  redCSPerMin  redGoldPerMin
0                  28                   2  ...         19.7         1656.7
1                  12                   1  ...         24.0         1762.0
2                  15                   0  ...         20.3         1728.5
3                  43                   1  ...         23.5         1647.8
4                  75                   4  ...         22.5         1740.4
...               ...                 ...  ...          ...            ...
9874               17                   2  ...         22.9         1524.6
9875               54                   0  ...         20.6         1545.6
9876               23                   1  ...         26.1         1831.9
9877               14                   4  ...         24.7         1529.8
9878               18                   0  ...         20.1         1533.9

[9879 rows x 38 columns]>
2021-12-09 10:39:06,050 [ml-log] INFO: 查看feature前五条数据：
2021-12-09 10:39:06,050 [ml-log] INFO:    blueWardsPlaced  blueWardsDestroyed  ...  redCSPerMin  redGoldPerMin
0               28                   2  ...         19.7         1656.7
1               12                   1  ...         24.0         1762.0
2               15                   0  ...         20.3         1728.5
3               43                   1  ...         23.5         1647.8
4               75                   4  ...         22.5         1740.4

[5 rows x 38 columns]
2021-12-09 10:39:06,109 [ml-log] INFO: 查看feature统计情况：
2021-12-09 10:39:06,159 [ml-log] INFO:        blueWardsPlaced  blueWardsDestroyed  ...  redCSPerMin  redGoldPerMin
count      9879.000000         9879.000000  ...  9879.000000    9879.000000
mean         22.288288            2.824881  ...    21.734923    1648.904140
std          18.019177            2.174998  ...     2.191167     149.088841
min           5.000000            0.000000  ...    10.700000    1121.200000
25%          14.000000            1.000000  ...    20.300000    1542.750000
50%          16.000000            3.000000  ...    21.800000    1637.800000
75%          20.000000            4.000000  ...    23.300000    1741.850000
max         250.000000           27.000000  ...    28.900000    2273.200000

[8 rows x 38 columns]
2021-12-09 10:39:06,240 [ml-log] INFO: 查看target分布情况：
2021-12-09 10:39:06,240 [ml-log] INFO: 0    4949
1    4930
Name: blueWins, dtype: int64
2021-12-09 10:39:55,878 [ml-log] INFO: 查看feature形状：

2021-12-09 10:39:55,878 [ml-log] INFO: (9879, 38)
2021-12-09 10:39:55,878 [ml-log] INFO: 查看target形状：

2021-12-09 10:39:55,878 [ml-log] INFO: (9879,)
2021-12-09 10:39:55,878 [ml-log] INFO: 查看feature基本信息：
2021-12-09 10:39:55,878 [ml-log] INFO: <bound method DataFrame.info of       blueWardsPlaced  blueWardsDestroyed  ...  redCSPerMin  redGoldPerMin
0                  28                   2  ...         19.7         1656.7
1                  12                   1  ...         24.0         1762.0
2                  15                   0  ...         20.3         1728.5
3                  43                   1  ...         23.5         1647.8
4                  75                   4  ...         22.5         1740.4
...               ...                 ...  ...          ...            ...
9874               17                   2  ...         22.9         1524.6
9875               54                   0  ...         20.6         1545.6
9876               23                   1  ...         26.1         1831.9
9877               14                   4  ...         24.7         1529.8
9878               18                   0  ...         20.1         1533.9

[9879 rows x 38 columns]>
2021-12-09 10:39:55,955 [ml-log] INFO: 查看feature前五条数据：
2021-12-09 10:39:55,955 [ml-log] INFO:    blueWardsPlaced  blueWardsDestroyed  ...  redCSPerMin  redGoldPerMin
0               28                   2  ...         19.7         1656.7
1               12                   1  ...         24.0         1762.0
2               15                   0  ...         20.3         1728.5
3               43                   1  ...         23.5         1647.8
4               75                   4  ...         22.5         1740.4

[5 rows x 38 columns]
2021-12-09 10:39:56,018 [ml-log] INFO: 查看feature统计情况：
2021-12-09 10:39:56,067 [ml-log] INFO:        blueWardsPlaced  blueWardsDestroyed  ...  redCSPerMin  redGoldPerMin
count      9879.000000         9879.000000  ...  9879.000000    9879.000000
mean         22.288288            2.824881  ...    21.734923    1648.904140
std          18.019177            2.174998  ...     2.191167     149.088841
min           5.000000            0.000000  ...    10.700000    1121.200000
25%          14.000000            1.000000  ...    20.300000    1542.750000
50%          16.000000            3.000000  ...    21.800000    1637.800000
75%          20.000000            4.000000  ...    23.300000    1741.850000
max         250.000000           27.000000  ...    28.900000    2273.200000

[8 rows x 38 columns]
2021-12-09 10:39:56,140 [ml-log] INFO: 查看target分布情况：
2021-12-09 10:39:56,140 [ml-log] INFO: 0    4949
1    4930
Name: blueWins, dtype: int64
2021-12-09 10:40:28,496 [ml-log] INFO: 查看feature形状：

2021-12-09 10:40:28,496 [ml-log] INFO: (9879, 38)
2021-12-09 10:40:28,496 [ml-log] INFO: 查看target形状：

2021-12-09 10:40:28,496 [ml-log] INFO: (9879,)
2021-12-09 10:40:28,496 [ml-log] INFO: 查看feature基本信息：
2021-12-09 10:40:28,497 [ml-log] INFO: <bound method DataFrame.info of       blueWardsPlaced  blueWardsDestroyed  ...  redCSPerMin  redGoldPerMin
0                  28                   2  ...         19.7         1656.7
1                  12                   1  ...         24.0         1762.0
2                  15                   0  ...         20.3         1728.5
3                  43                   1  ...         23.5         1647.8
4                  75                   4  ...         22.5         1740.4
...               ...                 ...  ...          ...            ...
9874               17                   2  ...         22.9         1524.6
9875               54                   0  ...         20.6         1545.6
9876               23                   1  ...         26.1         1831.9
9877               14                   4  ...         24.7         1529.8
9878               18                   0  ...         20.1         1533.9

[9879 rows x 38 columns]>
2021-12-09 10:40:28,569 [ml-log] INFO: 查看feature前五条数据：
2021-12-09 10:40:28,569 [ml-log] INFO:    blueWardsPlaced  blueWardsDestroyed  ...  redCSPerMin  redGoldPerMin
0               28                   2  ...         19.7         1656.7
1               12                   1  ...         24.0         1762.0
2               15                   0  ...         20.3         1728.5
3               43                   1  ...         23.5         1647.8
4               75                   4  ...         22.5         1740.4

[5 rows x 38 columns]
2021-12-09 10:40:28,629 [ml-log] INFO: 查看feature统计情况：
2021-12-09 10:40:28,679 [ml-log] INFO:        blueWardsPlaced  blueWardsDestroyed  ...  redCSPerMin  redGoldPerMin
count      9879.000000         9879.000000  ...  9879.000000    9879.000000
mean         22.288288            2.824881  ...    21.734923    1648.904140
std          18.019177            2.174998  ...     2.191167     149.088841
min           5.000000            0.000000  ...    10.700000    1121.200000
25%          14.000000            1.000000  ...    20.300000    1542.750000
50%          16.000000            3.000000  ...    21.800000    1637.800000
75%          20.000000            4.000000  ...    23.300000    1741.850000
max         250.000000           27.000000  ...    28.900000    2273.200000

[8 rows x 38 columns]
2021-12-09 10:40:28,751 [ml-log] INFO: 0    4949
1    4930
Name: blueWins, dtype: int64
2021-12-09 10:41:03,067 [ml-log] INFO: 查看feature形状：

2021-12-09 10:41:03,068 [ml-log] INFO: (9879, 38)
2021-12-09 10:41:03,068 [ml-log] INFO: 查看target形状：

2021-12-09 10:41:03,068 [ml-log] INFO: (9879,)
2021-12-09 10:41:03,068 [ml-log] INFO: 查看feature基本信息：
2021-12-09 10:41:03,068 [ml-log] INFO: <bound method DataFrame.info of       blueWardsPlaced  blueWardsDestroyed  ...  redCSPerMin  redGoldPerMin
0                  28                   2  ...         19.7         1656.7
1                  12                   1  ...         24.0         1762.0
2                  15                   0  ...         20.3         1728.5
3                  43                   1  ...         23.5         1647.8
4                  75                   4  ...         22.5         1740.4
...               ...                 ...  ...          ...            ...
9874               17                   2  ...         22.9         1524.6
9875               54                   0  ...         20.6         1545.6
9876               23                   1  ...         26.1         1831.9
9877               14                   4  ...         24.7         1529.8
9878               18                   0  ...         20.1         1533.9

[9879 rows x 38 columns]>
2021-12-09 10:41:03,139 [ml-log] INFO: 查看feature前五条数据：
2021-12-09 10:41:03,139 [ml-log] INFO:    blueWardsPlaced  blueWardsDestroyed  ...  redCSPerMin  redGoldPerMin
0               28                   2  ...         19.7         1656.7
1               12                   1  ...         24.0         1762.0
2               15                   0  ...         20.3         1728.5
3               43                   1  ...         23.5         1647.8
4               75                   4  ...         22.5         1740.4

[5 rows x 38 columns]
2021-12-09 10:41:03,203 [ml-log] INFO: 查看feature统计情况：
2021-12-09 10:41:03,253 [ml-log] INFO:        blueWardsPlaced  blueWardsDestroyed  ...  redCSPerMin  redGoldPerMin
count      9879.000000         9879.000000  ...  9879.000000    9879.000000
mean         22.288288            2.824881  ...    21.734923    1648.904140
std          18.019177            2.174998  ...     2.191167     149.088841
min           5.000000            0.000000  ...    10.700000    1121.200000
25%          14.000000            1.000000  ...    20.300000    1542.750000
50%          16.000000            3.000000  ...    21.800000    1637.800000
75%          20.000000            4.000000  ...    23.300000    1741.850000
max         250.000000           27.000000  ...    28.900000    2273.200000

[8 rows x 38 columns]
2021-12-09 10:41:03,323 [ml-log] INFO: 查看target分布情况：
2021-12-09 10:48:35,067 [ml-log] INFO: 查看feature缺失情况：
2021-12-09 10:53:22,062 [ml-log] INFO: 查看feature形状：
2021-12-09 10:53:22,062 [ml-log] INFO: 查看target形状：
2021-12-09 10:53:22,062 [ml-log] INFO: 查看feature基本信息：
2021-12-09 10:53:22,088 [ml-log] INFO: 查看feature前五条数据：
2021-12-09 10:53:22,110 [ml-log] INFO: 查看feature统计情况：
2021-12-09 10:53:22,187 [ml-log] INFO: 查看target分布情况：
2021-12-09 10:53:22,189 [ml-log] INFO: 查看feature缺失情况：
2021-12-09 10:58:38,016 [ml-log] INFO: 查看feature形状：
2021-12-09 10:58:38,016 [ml-log] INFO: 查看target形状：
2021-12-09 10:58:38,016 [ml-log] INFO: 查看feature基本信息：
2021-12-09 10:58:38,044 [ml-log] INFO: 查看feature前五条数据：
2021-12-09 10:58:38,065 [ml-log] INFO: 查看feature统计情况：
2021-12-09 10:58:38,144 [ml-log] INFO: 查看target分布情况：
2021-12-09 10:58:38,144 [ml-log] INFO: 查看feature缺失情况：
2021-12-09 10:59:47,162 [ml-log] INFO: 查看feature形状：
2021-12-09 10:59:47,162 [ml-log] INFO: 查看target形状：
2021-12-09 10:59:47,162 [ml-log] INFO: 查看feature基本信息：
2021-12-09 10:59:47,188 [ml-log] INFO: 查看feature前五条数据：
2021-12-09 10:59:47,209 [ml-log] INFO: 查看feature统计情况：
2021-12-09 10:59:47,284 [ml-log] INFO: 查看target分布情况：
2021-12-09 10:59:47,285 [ml-log] INFO: 查看feature缺失情况：
